C:\USERS\ANA\DESKTOP\PROGRAMARE\VSPROJ\VSPROJ\DEBUG\VC110.PDB
C:\USERS\ANA\DESKTOP\PROGRAMARE\VSPROJ\VSPROJ\DEBUG\SOURCE.OBJ
C:\USERS\ANA\DESKTOP\PROGRAMARE\VSPROJ\DEBUG\VSPROJ.ILK
C:\USERS\ANA\DESKTOP\PROGRAMARE\VSPROJ\DEBUG\VSPROJ.EXE
C:\USERS\ANA\DESKTOP\PROGRAMARE\VSPROJ\DEBUG\VSPROJ.PDB
C:\Users\Ana\Desktop\Programare\vsproj\vsproj\Debug\Source.obj
C:\Users\Ana\Desktop\Programare\vsproj\vsproj\Debug\cl.command.1.tlog
C:\Users\Ana\Desktop\Programare\vsproj\vsproj\Debug\CL.read.1.tlog
C:\Users\Ana\Desktop\Programare\vsproj\vsproj\Debug\CL.write.1.tlog
C:\Users\Ana\Desktop\Programare\vsproj\vsproj\Debug\link-cvtres.read.1.tlog
C:\Users\Ana\Desktop\Programare\vsproj\vsproj\Debug\link-cvtres.write.1.tlog
C:\Users\Ana\Desktop\Programare\vsproj\vsproj\Debug\link-rc.read.1.tlog
C:\Users\Ana\Desktop\Programare\vsproj\vsproj\Debug\link-rc.write.1.tlog
C:\Users\Ana\Desktop\Programare\vsproj\vsproj\Debug\link.10208-cvtres.read.1.tlog
C:\Users\Ana\Desktop\Programare\vsproj\vsproj\Debug\link.10208-cvtres.write.1.tlog
C:\Users\Ana\Desktop\Programare\vsproj\vsproj\Debug\link.10208-rc.read.1.tlog
C:\Users\Ana\Desktop\Programare\vsproj\vsproj\Debug\link.10208-rc.write.1.tlog
C:\Users\Ana\Desktop\Programare\vsproj\vsproj\Debug\link.10208.read.1.tlog
C:\Users\Ana\Desktop\Programare\vsproj\vsproj\Debug\link.10208.write.1.tlog
C:\Users\Ana\Desktop\Programare\vsproj\vsproj\Debug\link.10472-cvtres.read.1.tlog
C:\Users\Ana\Desktop\Programare\vsproj\vsproj\Debug\link.10472-cvtres.write.1.tlog
C:\Users\Ana\Desktop\Programare\vsproj\vsproj\Debug\link.10472-rc.read.1.tlog
C:\Users\Ana\Desktop\Programare\vsproj\vsproj\Debug\link.10472-rc.write.1.tlog
C:\Users\Ana\Desktop\Programare\vsproj\vsproj\Debug\link.10472.read.1.tlog
C:\Users\Ana\Desktop\Programare\vsproj\vsproj\Debug\link.10472.write.1.tlog
C:\Users\Ana\Desktop\Programare\vsproj\vsproj\Debug\link.10592-cvtres.read.1.tlog
C:\Users\Ana\Desktop\Programare\vsproj\vsproj\Debug\link.10592-cvtres.write.1.tlog
C:\Users\Ana\Desktop\Programare\vsproj\vsproj\Debug\link.10592-rc.read.1.tlog
C:\Users\Ana\Desktop\Programare\vsproj\vsproj\Debug\link.10592-rc.write.1.tlog
C:\Users\Ana\Desktop\Programare\vsproj\vsproj\Debug\link.10592.read.1.tlog
C:\Users\Ana\Desktop\Programare\vsproj\vsproj\Debug\link.10592.write.1.tlog
C:\Users\Ana\Desktop\Programare\vsproj\vsproj\Debug\link.10624-cvtres.read.1.tlog
C:\Users\Ana\Desktop\Programare\vsproj\vsproj\Debug\link.10624-cvtres.write.1.tlog
C:\Users\Ana\Desktop\Programare\vsproj\vsproj\Debug\link.10624-rc.read.1.tlog
C:\Users\Ana\Desktop\Programare\vsproj\vsproj\Debug\link.10624-rc.write.1.tlog
C:\Users\Ana\Desktop\Programare\vsproj\vsproj\Debug\link.10624.read.1.tlog
C:\Users\Ana\Desktop\Programare\vsproj\vsproj\Debug\link.10624.write.1.tlog
C:\Users\Ana\Desktop\Programare\vsproj\vsproj\Debug\link.10924-cvtres.read.1.tlog
C:\Users\Ana\Desktop\Programare\vsproj\vsproj\Debug\link.10924-cvtres.write.1.tlog
C:\Users\Ana\Desktop\Programare\vsproj\vsproj\Debug\link.10924-rc.read.1.tlog
C:\Users\Ana\Desktop\Programare\vsproj\vsproj\Debug\link.10924-rc.write.1.tlog
C:\Users\Ana\Desktop\Programare\vsproj\vsproj\Debug\link.10924.read.1.tlog
C:\Users\Ana\Desktop\Programare\vsproj\vsproj\Debug\link.10924.write.1.tlog
C:\Users\Ana\Desktop\Programare\vsproj\vsproj\Debug\link.10944-cvtres.read.1.tlog
C:\Users\Ana\Desktop\Programare\vsproj\vsproj\Debug\link.10944-cvtres.write.1.tlog
C:\Users\Ana\Desktop\Programare\vsproj\vsproj\Debug\link.10944-rc.read.1.tlog
C:\Users\Ana\Desktop\Programare\vsproj\vsproj\Debug\link.10944-rc.write.1.tlog
C:\Users\Ana\Desktop\Programare\vsproj\vsproj\Debug\link.10944.read.1.tlog
C:\Users\Ana\Desktop\Programare\vsproj\vsproj\Debug\link.10944.write.1.tlog
C:\Users\Ana\Desktop\Programare\vsproj\vsproj\Debug\link.11008-cvtres.read.1.tlog
C:\Users\Ana\Desktop\Programare\vsproj\vsproj\Debug\link.11008-cvtres.write.1.tlog
C:\Users\Ana\Desktop\Programare\vsproj\vsproj\Debug\link.11008-rc.read.1.tlog
C:\Users\Ana\Desktop\Programare\vsproj\vsproj\Debug\link.11008-rc.write.1.tlog
C:\Users\Ana\Desktop\Programare\vsproj\vsproj\Debug\link.11008.read.1.tlog
C:\Users\Ana\Desktop\Programare\vsproj\vsproj\Debug\link.11008.write.1.tlog
C:\Users\Ana\Desktop\Programare\vsproj\vsproj\Debug\link.1108-cvtres.read.1.tlog
C:\Users\Ana\Desktop\Programare\vsproj\vsproj\Debug\link.1108-cvtres.write.1.tlog
C:\Users\Ana\Desktop\Programare\vsproj\vsproj\Debug\link.1108-rc.read.1.tlog
C:\Users\Ana\Desktop\Programare\vsproj\vsproj\Debug\link.1108-rc.write.1.tlog
C:\Users\Ana\Desktop\Programare\vsproj\vsproj\Debug\link.1108.read.1.tlog
C:\Users\Ana\Desktop\Programare\vsproj\vsproj\Debug\link.1108.write.1.tlog
C:\Users\Ana\Desktop\Programare\vsproj\vsproj\Debug\link.11280-cvtres.read.1.tlog
C:\Users\Ana\Desktop\Programare\vsproj\vsproj\Debug\link.11280-cvtres.write.1.tlog
C:\Users\Ana\Desktop\Programare\vsproj\vsproj\Debug\link.11280-rc.read.1.tlog
C:\Users\Ana\Desktop\Programare\vsproj\vsproj\Debug\link.11280-rc.write.1.tlog
C:\Users\Ana\Desktop\Programare\vsproj\vsproj\Debug\link.11280.read.1.tlog
C:\Users\Ana\Desktop\Programare\vsproj\vsproj\Debug\link.11280.write.1.tlog
C:\Users\Ana\Desktop\Programare\vsproj\vsproj\Debug\link.11408-cvtres.read.1.tlog
C:\Users\Ana\Desktop\Programare\vsproj\vsproj\Debug\link.11408-cvtres.write.1.tlog
C:\Users\Ana\Desktop\Programare\vsproj\vsproj\Debug\link.11408-rc.read.1.tlog
C:\Users\Ana\Desktop\Programare\vsproj\vsproj\Debug\link.11408-rc.write.1.tlog
C:\Users\Ana\Desktop\Programare\vsproj\vsproj\Debug\link.11408.read.1.tlog
C:\Users\Ana\Desktop\Programare\vsproj\vsproj\Debug\link.11408.write.1.tlog
C:\Users\Ana\Desktop\Programare\vsproj\vsproj\Debug\link.1188-cvtres.read.1.tlog
C:\Users\Ana\Desktop\Programare\vsproj\vsproj\Debug\link.1188-cvtres.write.1.tlog
C:\Users\Ana\Desktop\Programare\vsproj\vsproj\Debug\link.1188-rc.read.1.tlog
C:\Users\Ana\Desktop\Programare\vsproj\vsproj\Debug\link.1188-rc.write.1.tlog
C:\Users\Ana\Desktop\Programare\vsproj\vsproj\Debug\link.1188.read.1.tlog
C:\Users\Ana\Desktop\Programare\vsproj\vsproj\Debug\link.1188.write.1.tlog
C:\Users\Ana\Desktop\Programare\vsproj\vsproj\Debug\link.11924-cvtres.read.1.tlog
C:\Users\Ana\Desktop\Programare\vsproj\vsproj\Debug\link.11924-cvtres.write.1.tlog
C:\Users\Ana\Desktop\Programare\vsproj\vsproj\Debug\link.11924-rc.read.1.tlog
C:\Users\Ana\Desktop\Programare\vsproj\vsproj\Debug\link.11924-rc.write.1.tlog
C:\Users\Ana\Desktop\Programare\vsproj\vsproj\Debug\link.11924.read.1.tlog
C:\Users\Ana\Desktop\Programare\vsproj\vsproj\Debug\link.11924.write.1.tlog
C:\Users\Ana\Desktop\Programare\vsproj\vsproj\Debug\link.12100-cvtres.read.1.tlog
C:\Users\Ana\Desktop\Programare\vsproj\vsproj\Debug\link.12100-cvtres.write.1.tlog
C:\Users\Ana\Desktop\Programare\vsproj\vsproj\Debug\link.12100-rc.read.1.tlog
C:\Users\Ana\Desktop\Programare\vsproj\vsproj\Debug\link.12100-rc.write.1.tlog
C:\Users\Ana\Desktop\Programare\vsproj\vsproj\Debug\link.12100.read.1.tlog
C:\Users\Ana\Desktop\Programare\vsproj\vsproj\Debug\link.12100.write.1.tlog
C:\Users\Ana\Desktop\Programare\vsproj\vsproj\Debug\link.1216-cvtres.read.1.tlog
C:\Users\Ana\Desktop\Programare\vsproj\vsproj\Debug\link.1216-cvtres.write.1.tlog
C:\Users\Ana\Desktop\Programare\vsproj\vsproj\Debug\link.1216-rc.read.1.tlog
C:\Users\Ana\Desktop\Programare\vsproj\vsproj\Debug\link.1216-rc.write.1.tlog
C:\Users\Ana\Desktop\Programare\vsproj\vsproj\Debug\link.1216.read.1.tlog
C:\Users\Ana\Desktop\Programare\vsproj\vsproj\Debug\link.1216.write.1.tlog
C:\Users\Ana\Desktop\Programare\vsproj\vsproj\Debug\link.1472-cvtres.read.1.tlog
C:\Users\Ana\Desktop\Programare\vsproj\vsproj\Debug\link.1472-cvtres.write.1.tlog
C:\Users\Ana\Desktop\Programare\vsproj\vsproj\Debug\link.1472-rc.read.1.tlog
C:\Users\Ana\Desktop\Programare\vsproj\vsproj\Debug\link.1472-rc.write.1.tlog
C:\Users\Ana\Desktop\Programare\vsproj\vsproj\Debug\link.1472.read.1.tlog
C:\Users\Ana\Desktop\Programare\vsproj\vsproj\Debug\link.1472.write.1.tlog
C:\Users\Ana\Desktop\Programare\vsproj\vsproj\Debug\link.16284-cvtres.read.1.tlog
C:\Users\Ana\Desktop\Programare\vsproj\vsproj\Debug\link.16284-cvtres.write.1.tlog
C:\Users\Ana\Desktop\Programare\vsproj\vsproj\Debug\link.16284-rc.read.1.tlog
C:\Users\Ana\Desktop\Programare\vsproj\vsproj\Debug\link.16284-rc.write.1.tlog
C:\Users\Ana\Desktop\Programare\vsproj\vsproj\Debug\link.16284.read.1.tlog
C:\Users\Ana\Desktop\Programare\vsproj\vsproj\Debug\link.16284.write.1.tlog
C:\Users\Ana\Desktop\Programare\vsproj\vsproj\Debug\link.212-cvtres.read.1.tlog
C:\Users\Ana\Desktop\Programare\vsproj\vsproj\Debug\link.212-cvtres.write.1.tlog
C:\Users\Ana\Desktop\Programare\vsproj\vsproj\Debug\link.212-rc.read.1.tlog
C:\Users\Ana\Desktop\Programare\vsproj\vsproj\Debug\link.212-rc.write.1.tlog
C:\Users\Ana\Desktop\Programare\vsproj\vsproj\Debug\link.212.read.1.tlog
C:\Users\Ana\Desktop\Programare\vsproj\vsproj\Debug\link.212.write.1.tlog
C:\Users\Ana\Desktop\Programare\vsproj\vsproj\Debug\link.2196-cvtres.read.1.tlog
C:\Users\Ana\Desktop\Programare\vsproj\vsproj\Debug\link.2196-cvtres.write.1.tlog
C:\Users\Ana\Desktop\Programare\vsproj\vsproj\Debug\link.2196-rc.read.1.tlog
C:\Users\Ana\Desktop\Programare\vsproj\vsproj\Debug\link.2196-rc.write.1.tlog
C:\Users\Ana\Desktop\Programare\vsproj\vsproj\Debug\link.2196.read.1.tlog
C:\Users\Ana\Desktop\Programare\vsproj\vsproj\Debug\link.2196.write.1.tlog
C:\Users\Ana\Desktop\Programare\vsproj\vsproj\Debug\link.3188-cvtres.read.1.tlog
C:\Users\Ana\Desktop\Programare\vsproj\vsproj\Debug\link.3188-cvtres.write.1.tlog
C:\Users\Ana\Desktop\Programare\vsproj\vsproj\Debug\link.3188-rc.read.1.tlog
C:\Users\Ana\Desktop\Programare\vsproj\vsproj\Debug\link.3188-rc.write.1.tlog
C:\Users\Ana\Desktop\Programare\vsproj\vsproj\Debug\link.3188.read.1.tlog
C:\Users\Ana\Desktop\Programare\vsproj\vsproj\Debug\link.3188.write.1.tlog
C:\Users\Ana\Desktop\Programare\vsproj\vsproj\Debug\link.3236-cvtres.read.1.tlog
C:\Users\Ana\Desktop\Programare\vsproj\vsproj\Debug\link.3236-cvtres.write.1.tlog
C:\Users\Ana\Desktop\Programare\vsproj\vsproj\Debug\link.3236-rc.read.1.tlog
C:\Users\Ana\Desktop\Programare\vsproj\vsproj\Debug\link.3236-rc.write.1.tlog
C:\Users\Ana\Desktop\Programare\vsproj\vsproj\Debug\link.3236.read.1.tlog
C:\Users\Ana\Desktop\Programare\vsproj\vsproj\Debug\link.3236.write.1.tlog
C:\Users\Ana\Desktop\Programare\vsproj\vsproj\Debug\link.3828-cvtres.read.1.tlog
C:\Users\Ana\Desktop\Programare\vsproj\vsproj\Debug\link.3828-cvtres.write.1.tlog
C:\Users\Ana\Desktop\Programare\vsproj\vsproj\Debug\link.3828-rc.read.1.tlog
C:\Users\Ana\Desktop\Programare\vsproj\vsproj\Debug\link.3828-rc.write.1.tlog
C:\Users\Ana\Desktop\Programare\vsproj\vsproj\Debug\link.3828.read.1.tlog
C:\Users\Ana\Desktop\Programare\vsproj\vsproj\Debug\link.3828.write.1.tlog
C:\Users\Ana\Desktop\Programare\vsproj\vsproj\Debug\link.4700-cvtres.read.1.tlog
C:\Users\Ana\Desktop\Programare\vsproj\vsproj\Debug\link.4700-cvtres.write.1.tlog
C:\Users\Ana\Desktop\Programare\vsproj\vsproj\Debug\link.4700-rc.read.1.tlog
C:\Users\Ana\Desktop\Programare\vsproj\vsproj\Debug\link.4700-rc.write.1.tlog
C:\Users\Ana\Desktop\Programare\vsproj\vsproj\Debug\link.4700.read.1.tlog
C:\Users\Ana\Desktop\Programare\vsproj\vsproj\Debug\link.4700.write.1.tlog
C:\Users\Ana\Desktop\Programare\vsproj\vsproj\Debug\link.4916-cvtres.read.1.tlog
C:\Users\Ana\Desktop\Programare\vsproj\vsproj\Debug\link.4916-cvtres.write.1.tlog
C:\Users\Ana\Desktop\Programare\vsproj\vsproj\Debug\link.4916-rc.read.1.tlog
C:\Users\Ana\Desktop\Programare\vsproj\vsproj\Debug\link.4916-rc.write.1.tlog
C:\Users\Ana\Desktop\Programare\vsproj\vsproj\Debug\link.4916.read.1.tlog
C:\Users\Ana\Desktop\Programare\vsproj\vsproj\Debug\link.4916.write.1.tlog
C:\Users\Ana\Desktop\Programare\vsproj\vsproj\Debug\link.5004-cvtres.read.1.tlog
C:\Users\Ana\Desktop\Programare\vsproj\vsproj\Debug\link.5004-cvtres.write.1.tlog
C:\Users\Ana\Desktop\Programare\vsproj\vsproj\Debug\link.5004-rc.read.1.tlog
C:\Users\Ana\Desktop\Programare\vsproj\vsproj\Debug\link.5004-rc.write.1.tlog
C:\Users\Ana\Desktop\Programare\vsproj\vsproj\Debug\link.5004.read.1.tlog
C:\Users\Ana\Desktop\Programare\vsproj\vsproj\Debug\link.5004.write.1.tlog
C:\Users\Ana\Desktop\Programare\vsproj\vsproj\Debug\link.5040-cvtres.read.1.tlog
C:\Users\Ana\Desktop\Programare\vsproj\vsproj\Debug\link.5040-cvtres.write.1.tlog
C:\Users\Ana\Desktop\Programare\vsproj\vsproj\Debug\link.5040-rc.read.1.tlog
C:\Users\Ana\Desktop\Programare\vsproj\vsproj\Debug\link.5040-rc.write.1.tlog
C:\Users\Ana\Desktop\Programare\vsproj\vsproj\Debug\link.5040.read.1.tlog
C:\Users\Ana\Desktop\Programare\vsproj\vsproj\Debug\link.5040.write.1.tlog
C:\Users\Ana\Desktop\Programare\vsproj\vsproj\Debug\link.5228-cvtres.read.1.tlog
C:\Users\Ana\Desktop\Programare\vsproj\vsproj\Debug\link.5228-cvtres.write.1.tlog
C:\Users\Ana\Desktop\Programare\vsproj\vsproj\Debug\link.5228-rc.read.1.tlog
C:\Users\Ana\Desktop\Programare\vsproj\vsproj\Debug\link.5228-rc.write.1.tlog
C:\Users\Ana\Desktop\Programare\vsproj\vsproj\Debug\link.5228.read.1.tlog
C:\Users\Ana\Desktop\Programare\vsproj\vsproj\Debug\link.5228.write.1.tlog
C:\Users\Ana\Desktop\Programare\vsproj\vsproj\Debug\link.5284-cvtres.read.1.tlog
C:\Users\Ana\Desktop\Programare\vsproj\vsproj\Debug\link.5284-cvtres.write.1.tlog
C:\Users\Ana\Desktop\Programare\vsproj\vsproj\Debug\link.5284-rc.read.1.tlog
C:\Users\Ana\Desktop\Programare\vsproj\vsproj\Debug\link.5284-rc.write.1.tlog
C:\Users\Ana\Desktop\Programare\vsproj\vsproj\Debug\link.5284.read.1.tlog
C:\Users\Ana\Desktop\Programare\vsproj\vsproj\Debug\link.5284.write.1.tlog
C:\Users\Ana\Desktop\Programare\vsproj\vsproj\Debug\link.5320-cvtres.read.1.tlog
C:\Users\Ana\Desktop\Programare\vsproj\vsproj\Debug\link.5320-cvtres.write.1.tlog
C:\Users\Ana\Desktop\Programare\vsproj\vsproj\Debug\link.5320-rc.read.1.tlog
C:\Users\Ana\Desktop\Programare\vsproj\vsproj\Debug\link.5320-rc.write.1.tlog
C:\Users\Ana\Desktop\Programare\vsproj\vsproj\Debug\link.5320.read.1.tlog
C:\Users\Ana\Desktop\Programare\vsproj\vsproj\Debug\link.5320.write.1.tlog
C:\Users\Ana\Desktop\Programare\vsproj\vsproj\Debug\link.5856-cvtres.read.1.tlog
C:\Users\Ana\Desktop\Programare\vsproj\vsproj\Debug\link.5856-cvtres.write.1.tlog
C:\Users\Ana\Desktop\Programare\vsproj\vsproj\Debug\link.5856-rc.read.1.tlog
C:\Users\Ana\Desktop\Programare\vsproj\vsproj\Debug\link.5856-rc.write.1.tlog
C:\Users\Ana\Desktop\Programare\vsproj\vsproj\Debug\link.5856.read.1.tlog
C:\Users\Ana\Desktop\Programare\vsproj\vsproj\Debug\link.5856.write.1.tlog
C:\Users\Ana\Desktop\Programare\vsproj\vsproj\Debug\link.6092-cvtres.read.1.tlog
C:\Users\Ana\Desktop\Programare\vsproj\vsproj\Debug\link.6092-cvtres.write.1.tlog
C:\Users\Ana\Desktop\Programare\vsproj\vsproj\Debug\link.6092-rc.read.1.tlog
C:\Users\Ana\Desktop\Programare\vsproj\vsproj\Debug\link.6092-rc.write.1.tlog
C:\Users\Ana\Desktop\Programare\vsproj\vsproj\Debug\link.6092.read.1.tlog
C:\Users\Ana\Desktop\Programare\vsproj\vsproj\Debug\link.6092.write.1.tlog
C:\Users\Ana\Desktop\Programare\vsproj\vsproj\Debug\link.6156-cvtres.read.1.tlog
C:\Users\Ana\Desktop\Programare\vsproj\vsproj\Debug\link.6156-cvtres.write.1.tlog
C:\Users\Ana\Desktop\Programare\vsproj\vsproj\Debug\link.6156-rc.read.1.tlog
C:\Users\Ana\Desktop\Programare\vsproj\vsproj\Debug\link.6156-rc.write.1.tlog
C:\Users\Ana\Desktop\Programare\vsproj\vsproj\Debug\link.6156.read.1.tlog
C:\Users\Ana\Desktop\Programare\vsproj\vsproj\Debug\link.6156.write.1.tlog
C:\Users\Ana\Desktop\Programare\vsproj\vsproj\Debug\link.6828-cvtres.read.1.tlog
C:\Users\Ana\Desktop\Programare\vsproj\vsproj\Debug\link.6828-cvtres.write.1.tlog
C:\Users\Ana\Desktop\Programare\vsproj\vsproj\Debug\link.6828-rc.read.1.tlog
C:\Users\Ana\Desktop\Programare\vsproj\vsproj\Debug\link.6828-rc.write.1.tlog
C:\Users\Ana\Desktop\Programare\vsproj\vsproj\Debug\link.6828.read.1.tlog
C:\Users\Ana\Desktop\Programare\vsproj\vsproj\Debug\link.6828.write.1.tlog
C:\Users\Ana\Desktop\Programare\vsproj\vsproj\Debug\link.7996-cvtres.read.1.tlog
C:\Users\Ana\Desktop\Programare\vsproj\vsproj\Debug\link.7996-cvtres.write.1.tlog
C:\Users\Ana\Desktop\Programare\vsproj\vsproj\Debug\link.7996-rc.read.1.tlog
C:\Users\Ana\Desktop\Programare\vsproj\vsproj\Debug\link.7996-rc.write.1.tlog
C:\Users\Ana\Desktop\Programare\vsproj\vsproj\Debug\link.7996.read.1.tlog
C:\Users\Ana\Desktop\Programare\vsproj\vsproj\Debug\link.7996.write.1.tlog
C:\Users\Ana\Desktop\Programare\vsproj\vsproj\Debug\link.8088-cvtres.read.1.tlog
C:\Users\Ana\Desktop\Programare\vsproj\vsproj\Debug\link.8088-cvtres.write.1.tlog
C:\Users\Ana\Desktop\Programare\vsproj\vsproj\Debug\link.8088-rc.read.1.tlog
C:\Users\Ana\Desktop\Programare\vsproj\vsproj\Debug\link.8088-rc.write.1.tlog
C:\Users\Ana\Desktop\Programare\vsproj\vsproj\Debug\link.8088.read.1.tlog
C:\Users\Ana\Desktop\Programare\vsproj\vsproj\Debug\link.8088.write.1.tlog
C:\Users\Ana\Desktop\Programare\vsproj\vsproj\Debug\link.8188-cvtres.read.1.tlog
C:\Users\Ana\Desktop\Programare\vsproj\vsproj\Debug\link.8188-cvtres.write.1.tlog
C:\Users\Ana\Desktop\Programare\vsproj\vsproj\Debug\link.8188-rc.read.1.tlog
C:\Users\Ana\Desktop\Programare\vsproj\vsproj\Debug\link.8188-rc.write.1.tlog
C:\Users\Ana\Desktop\Programare\vsproj\vsproj\Debug\link.8188.read.1.tlog
C:\Users\Ana\Desktop\Programare\vsproj\vsproj\Debug\link.8188.write.1.tlog
C:\Users\Ana\Desktop\Programare\vsproj\vsproj\Debug\link.8432-cvtres.read.1.tlog
C:\Users\Ana\Desktop\Programare\vsproj\vsproj\Debug\link.8432-cvtres.write.1.tlog
C:\Users\Ana\Desktop\Programare\vsproj\vsproj\Debug\link.8432-rc.read.1.tlog
C:\Users\Ana\Desktop\Programare\vsproj\vsproj\Debug\link.8432-rc.write.1.tlog
C:\Users\Ana\Desktop\Programare\vsproj\vsproj\Debug\link.8432.read.1.tlog
C:\Users\Ana\Desktop\Programare\vsproj\vsproj\Debug\link.8432.write.1.tlog
C:\Users\Ana\Desktop\Programare\vsproj\vsproj\Debug\link.8484-cvtres.read.1.tlog
C:\Users\Ana\Desktop\Programare\vsproj\vsproj\Debug\link.8484-cvtres.write.1.tlog
C:\Users\Ana\Desktop\Programare\vsproj\vsproj\Debug\link.8484-rc.read.1.tlog
C:\Users\Ana\Desktop\Programare\vsproj\vsproj\Debug\link.8484-rc.write.1.tlog
C:\Users\Ana\Desktop\Programare\vsproj\vsproj\Debug\link.8484.read.1.tlog
C:\Users\Ana\Desktop\Programare\vsproj\vsproj\Debug\link.8484.write.1.tlog
C:\Users\Ana\Desktop\Programare\vsproj\vsproj\Debug\link.8500-cvtres.read.1.tlog
C:\Users\Ana\Desktop\Programare\vsproj\vsproj\Debug\link.8500-cvtres.write.1.tlog
C:\Users\Ana\Desktop\Programare\vsproj\vsproj\Debug\link.8500-rc.read.1.tlog
C:\Users\Ana\Desktop\Programare\vsproj\vsproj\Debug\link.8500-rc.write.1.tlog
C:\Users\Ana\Desktop\Programare\vsproj\vsproj\Debug\link.8500.read.1.tlog
C:\Users\Ana\Desktop\Programare\vsproj\vsproj\Debug\link.8500.write.1.tlog
C:\Users\Ana\Desktop\Programare\vsproj\vsproj\Debug\link.8684-cvtres.read.1.tlog
C:\Users\Ana\Desktop\Programare\vsproj\vsproj\Debug\link.8684-cvtres.write.1.tlog
C:\Users\Ana\Desktop\Programare\vsproj\vsproj\Debug\link.8684-rc.read.1.tlog
C:\Users\Ana\Desktop\Programare\vsproj\vsproj\Debug\link.8684-rc.write.1.tlog
C:\Users\Ana\Desktop\Programare\vsproj\vsproj\Debug\link.8684.read.1.tlog
C:\Users\Ana\Desktop\Programare\vsproj\vsproj\Debug\link.8684.write.1.tlog
C:\Users\Ana\Desktop\Programare\vsproj\vsproj\Debug\link.8932-cvtres.read.1.tlog
C:\Users\Ana\Desktop\Programare\vsproj\vsproj\Debug\link.8932-cvtres.write.1.tlog
C:\Users\Ana\Desktop\Programare\vsproj\vsproj\Debug\link.8932-rc.read.1.tlog
C:\Users\Ana\Desktop\Programare\vsproj\vsproj\Debug\link.8932-rc.write.1.tlog
C:\Users\Ana\Desktop\Programare\vsproj\vsproj\Debug\link.8932.read.1.tlog
C:\Users\Ana\Desktop\Programare\vsproj\vsproj\Debug\link.8932.write.1.tlog
C:\Users\Ana\Desktop\Programare\vsproj\vsproj\Debug\link.8956-cvtres.read.1.tlog
C:\Users\Ana\Desktop\Programare\vsproj\vsproj\Debug\link.8956-cvtres.write.1.tlog
C:\Users\Ana\Desktop\Programare\vsproj\vsproj\Debug\link.8956-rc.read.1.tlog
C:\Users\Ana\Desktop\Programare\vsproj\vsproj\Debug\link.8956-rc.write.1.tlog
C:\Users\Ana\Desktop\Programare\vsproj\vsproj\Debug\link.8956.read.1.tlog
C:\Users\Ana\Desktop\Programare\vsproj\vsproj\Debug\link.8956.write.1.tlog
C:\Users\Ana\Desktop\Programare\vsproj\vsproj\Debug\link.9776-cvtres.read.1.tlog
C:\Users\Ana\Desktop\Programare\vsproj\vsproj\Debug\link.9776-cvtres.write.1.tlog
C:\Users\Ana\Desktop\Programare\vsproj\vsproj\Debug\link.9776-rc.read.1.tlog
C:\Users\Ana\Desktop\Programare\vsproj\vsproj\Debug\link.9776-rc.write.1.tlog
C:\Users\Ana\Desktop\Programare\vsproj\vsproj\Debug\link.9776.read.1.tlog
C:\Users\Ana\Desktop\Programare\vsproj\vsproj\Debug\link.9776.write.1.tlog
C:\Users\Ana\Desktop\Programare\vsproj\vsproj\Debug\link.9956-cvtres.read.1.tlog
C:\Users\Ana\Desktop\Programare\vsproj\vsproj\Debug\link.9956-cvtres.write.1.tlog
C:\Users\Ana\Desktop\Programare\vsproj\vsproj\Debug\link.9956-rc.read.1.tlog
C:\Users\Ana\Desktop\Programare\vsproj\vsproj\Debug\link.9956-rc.write.1.tlog
C:\Users\Ana\Desktop\Programare\vsproj\vsproj\Debug\link.9956.read.1.tlog
C:\Users\Ana\Desktop\Programare\vsproj\vsproj\Debug\link.9956.write.1.tlog
C:\Users\Ana\Desktop\Programare\vsproj\vsproj\Debug\link.command.1.tlog
C:\Users\Ana\Desktop\Programare\vsproj\vsproj\Debug\link.read.1.tlog
C:\Users\Ana\Desktop\Programare\vsproj\vsproj\Debug\link.write.1.tlog
C:\Users\Ana\Desktop\Programare\vsproj\vsproj\Debug\vc110.idb
C:\Users\Ana\Desktop\Programare\vsproj\vsproj\Debug\vc110.pdb
C:\Users\Ana\Desktop\Programare\vsproj\Debug\vsproj.pdb
C:\Users\Ana\Desktop\Programare\vsproj\Debug\vsproj.exe
C:\Users\Ana\Desktop\Programare\vsproj\Debug\vsproj.ilk
